[2.490s] Traceback (most recent call last):
  File "/usr/lib/python3/dist-packages/colcon_parallel_executor/executor/parallel.py", line 67, in execute
    loop.run_until_complete(future)
  File "/usr/lib/python3.10/asyncio/base_events.py", line 633, in run_until_complete
    self.run_forever()
  File "/usr/lib/python3.10/asyncio/base_events.py", line 600, in run_forever
    self._run_once()
  File "/usr/lib/python3.10/asyncio/base_events.py", line 1860, in _run_once
    event_list = self._selector.select(timeout)
  File "/usr/lib/python3.10/selectors.py", line 469, in select
    fd_event_list = self._selector.poll(timeout, max_ev)
KeyboardInterrupt

During handling of the above exception, another exception occurred:

Traceback (most recent call last):
  File "/usr/lib/python3/dist-packages/colcon_core/executor/__init__.py", line 91, in __call__
    rc = await self.task(*args, **kwargs)
  File "/usr/lib/python3/dist-packages/colcon_core/task/__init__.py", line 93, in __call__
    return await task_method(*args, **kwargs)
  File "/usr/lib/python3/dist-packages/colcon_ros/task/ament_python/build.py", line 105, in build
    return await extension.build(additional_hooks=additional_hooks)
  File "/usr/lib/python3/dist-packages/colcon_core/task/python/build.py", line 81, in build
    available_commands = await self._get_available_commands(
  File "/usr/lib/python3/dist-packages/colcon_core/task/python/build.py", line 171, in _get_available_commands
    output = await check_output(
  File "/usr/lib/python3/dist-packages/colcon_core/subprocess.py", line 128, in check_output
    assert not rc, f'Expected {args} to pass: {stderr_data}'
AssertionError: Expected ['/usr/bin/python3', 'setup.py', '--help-commands'] to pass: Traceback (most recent call last):
  File "/home/andre/Desktop/Git/ROS_estudo/Simulacao_ROS2/src/ros2_gazebo_estudo/setup.py", line 5, in <module>
    setup(
  File "/usr/lib/python3/dist-packages/setuptools/__init__.py", line 153, in setup
    return distutils.core.setup(**attrs)
  File "/usr/lib/python3.10/distutils/core.py", line 134, in setup
    ok = dist.parse_command_line()
  File "/usr/lib/python3.10/distutils/dist.py", line 480, in parse_command_line
    if self.handle_display_options(option_order):
  File "/usr/lib/python3/dist-packages/setuptools/dist.py", line 1126, in handle_display_options
    return _Distribution.handle_display_options(self, option_order)
  File "/usr/lib/python3.10/distutils/dist.py", line 683, in handle_display_options
    self.print_commands()
  File "/usr/lib/python3/dist-packages/setuptools/dist.py", line 902, in print_commands
    cmdclass = ep.resolve()
  File "/usr/lib/python3/dist-packages/pkg_resources/__init__.py", line 2471, in resolve
    module = __import__(self.module_name, fromlist=['__name__'], level=0)
  File "/usr/lib/python3/dist-packages/setuptools/command/develop.py", line 9, in <module>
    from setuptools.command.easy_install import easy_install
  File "/usr/lib/python3/dist-packages/setuptools/command/easy_install.py", line 49, in <module>
    from setuptools.sandbox import run_setup
  File "/usr/lib/python3/dist-packages/setuptools/sandbox.py", line 9, in <module>
    import pickle
  File "/usr/lib/python3.10/pickle.py", line 197, in <module>
    __all__.extend([x for x in dir() if re.match("[A-Z][A-Z0-9_]+$", x)])
  File "/usr/lib/python3.10/pickle.py", line 197, in <listcomp>
    __all__.extend([x for x in dir() if re.match("[A-Z][A-Z0-9_]+$", x)])
  File "/usr/lib/python3.10/re.py", line 190, in match
    return _compile(pattern, flags).match(string)
  File "/usr/lib/python3.10/re.py", line 303, in _compile
    p = sre_compile.compile(pattern, flags)
  File "/usr/lib/python3.10/sre_compile.py", line 792, in compile
    code = _code(p, flags)
  File "/usr/lib/python3.10/sre_compile.py", line 628, in _code
    _compile_info(code, p, flags)
  File "/usr/lib/python3.10/sre_compile.py", line 614, in _compile_info
    charset, hascased = _optimize_charset(charset)
KeyboardInterrupt

