[0.000000] (-) TimerEvent: {}
[0.000343] (-) JobUnselected: {'identifier': 'interfaces_to_gazebo'}
[0.000446] (ros2_gazebo_estudo) JobQueued: {'identifier': 'ros2_gazebo_estudo', 'dependencies': OrderedDict()}
[0.000532] (ros2_gazebo_estudo) JobStarted: {'identifier': 'ros2_gazebo_estudo'}
[0.092692] (-) TimerEvent: {}
[0.193437] (-) TimerEvent: {}
[0.294161] (-) TimerEvent: {}
[0.395688] (-) TimerEvent: {}
[0.496160] (-) TimerEvent: {}
[0.599672] (-) TimerEvent: {}
[0.700082] (-) TimerEvent: {}
[0.800491] (-) TimerEvent: {}
[0.900940] (-) TimerEvent: {}
[1.001364] (-) TimerEvent: {}
[1.101988] (-) TimerEvent: {}
[1.203287] (-) TimerEvent: {}
[1.303697] (-) TimerEvent: {}
[1.404488] (-) TimerEvent: {}
[1.504882] (-) TimerEvent: {}
[1.605360] (-) TimerEvent: {}
[1.705843] (-) TimerEvent: {}
[1.806382] (-) TimerEvent: {}
[1.906880] (-) TimerEvent: {}
[2.008173] (-) TimerEvent: {}
[2.108589] (-) TimerEvent: {}
[2.209212] (-) TimerEvent: {}
[2.310320] (-) TimerEvent: {}
[2.411565] (-) TimerEvent: {}
[2.489701] (ros2_gazebo_estudo) StderrLine: {'line': b'Traceback (most recent call last):\n  File "/usr/lib/python3/dist-packages/colcon_parallel_executor/executor/parallel.py", line 67, in execute\n    loop.run_until_complete(future)\n  File "/usr/lib/python3.10/asyncio/base_events.py", line 633, in run_until_complete\n    self.run_forever()\n  File "/usr/lib/python3.10/asyncio/base_events.py", line 600, in run_forever\n    self._run_once()\n  File "/usr/lib/python3.10/asyncio/base_events.py", line 1860, in _run_once\n    event_list = self._selector.select(timeout)\n  File "/usr/lib/python3.10/selectors.py", line 469, in select\n    fd_event_list = self._selector.poll(timeout, max_ev)\nKeyboardInterrupt\n\nDuring handling of the above exception, another exception occurred:\n\nTraceback (most recent call last):\n  File "/usr/lib/python3/dist-packages/colcon_core/executor/__init__.py", line 91, in __call__\n    rc = await self.task(*args, **kwargs)\n  File "/usr/lib/python3/dist-packages/colcon_core/task/__init__.py", line 93, in __call__\n    return await task_method(*args, **kwargs)\n  File "/usr/lib/python3/dist-packages/colcon_ros/task/ament_python/build.py", line 105, in build\n    return await extension.build(additional_hooks=additional_hooks)\n  File "/usr/lib/python3/dist-packages/colcon_core/task/python/build.py", line 81, in build\n    available_commands = await self._get_available_commands(\n  File "/usr/lib/python3/dist-packages/colcon_core/task/python/build.py", line 171, in _get_available_commands\n    output = await check_output(\n  File "/usr/lib/python3/dist-packages/colcon_core/subprocess.py", line 128, in check_output\n    assert not rc, f\'Expected {args} to pass: {stderr_data}\'\nAssertionError: Expected [\'/usr/bin/python3\', \'setup.py\', \'--help-commands\'] to pass: Traceback (most recent call last):\n  File "/home/andre/Desktop/Git/ROS_estudo/Simulacao_ROS2/src/ros2_gazebo_estudo/setup.py", line 5, in <module>\n    setup(\n  File "/usr/lib/python3/dist-packages/setuptools/__init__.py", line 153, in setup\n    return distutils.core.setup(**attrs)\n  File "/usr/lib/python3.10/distutils/core.py", line 134, in setup\n    ok = dist.parse_command_line()\n  File "/usr/lib/python3.10/distutils/dist.py", line 480, in parse_command_line\n    if self.handle_display_options(option_order):\n  File "/usr/lib/python3/dist-packages/setuptools/dist.py", line 1126, in handle_display_options\n    return _Distribution.handle_display_options(self, option_order)\n  File "/usr/lib/python3.10/distutils/dist.py", line 683, in handle_display_options\n    self.print_commands()\n  File "/usr/lib/python3/dist-packages/setuptools/dist.py", line 902, in print_commands\n    cmdclass = ep.resolve()\n  File "/usr/lib/python3/dist-packages/pkg_resources/__init__.py", line 2471, in resolve\n    module = __import__(self.module_name, fromlist=[\'__name__\'], level=0)\n  File "/usr/lib/python3/dist-packages/setuptools/command/develop.py", line 9, in <module>\n    from setuptools.command.easy_install import easy_install\n  File "/usr/lib/python3/dist-packages/setuptools/command/easy_install.py", line 49, in <module>\n    from setuptools.sandbox import run_setup\n  File "/usr/lib/python3/dist-packages/setuptools/sandbox.py", line 9, in <module>\n    import pickle\n  File "/usr/lib/python3.10/pickle.py", line 197, in <module>\n    __all__.extend([x for x in dir() if re.match("[A-Z][A-Z0-9_]+$", x)])\n  File "/usr/lib/python3.10/pickle.py", line 197, in <listcomp>\n    __all__.extend([x for x in dir() if re.match("[A-Z][A-Z0-9_]+$", x)])\n  File "/usr/lib/python3.10/re.py", line 190, in match\n    return _compile(pattern, flags).match(string)\n  File "/usr/lib/python3.10/re.py", line 303, in _compile\n    p = sre_compile.compile(pattern, flags)\n  File "/usr/lib/python3.10/sre_compile.py", line 792, in compile\n    code = _code(p, flags)\n  File "/usr/lib/python3.10/sre_compile.py", line 628, in _code\n    _compile_info(code, p, flags)\n  File "/usr/lib/python3.10/sre_compile.py", line 614, in _compile_info\n    charset, hascased = _optimize_charset(charset)\nKeyboardInterrupt\n\n'}
[2.490952] (ros2_gazebo_estudo) JobEnded: {'identifier': 'ros2_gazebo_estudo', 'rc': 'SIGINT'}
[2.500934] (-) EventReactorShutdown: {}
